#
# A fatal error has been detected by the Java Runtime Environment:
#
#  Internal Error (javaClasses.cpp:126), pid=6052, tid=3436
#  fatal error: Invalid layout of preloaded class
#
# JRE version:  (8.0_25-b18) (build )
# Java VM: Java HotSpot(TM) 64-Bit Server VM (25.25-b02 mixed mode windows-amd64 compressed oops)
# Failed to write core dump. Minidumps are not enabled by default on client versions of Windows
#
# If you would like to submit a bug report, please visit:
#   http://bugreport.sun.com/bugreport/crash.jsp
#

---------------  T H R E A D  ---------------

Current thread (0x000000000078d800):  JavaThread "Unknown thread" [_thread_in_vm, id=3436, stack(0x0000000001fd0000,0x00000000020d0000)]

Stack: [0x0000000001fd0000,0x00000000020d0000]
Native frames: (J=compiled Java code, j=interpreted, Vv=VM code, C=native code)
V  [jvm.dll+0x31667a]
V  [jvm.dll+0x267073]
V  [jvm.dll+0x267cb3]
V  [jvm.dll+0x25f536]
V  [jvm.dll+0x5e773]
V  [jvm.dll+0x5e863]
V  [jvm.dll+0x731ca]
V  [jvm.dll+0x73528]
V  [jvm.dll+0xe48b7]
V  [jvm.dll+0xe4c46]
V  [jvm.dll+0x1f9ae7]
V  [jvm.dll+0x22b2e4]
V  [jvm.dll+0x14d571]
C  [javaw.exe+0x20c6]
C  [javaw.exe+0xc9eb]
C  [javaw.exe+0xca7f]
C  [KERNEL32.DLL+0x16ad]
C  [ntdll.dll+0x54409]


---------------  P R O C E S S  ---------------

Java Threads: ( => current thread )

Other Threads:

=>0x000000000078d800 (exited) JavaThread "Unknown thread" [_thread_in_vm, id=3436, stack(0x0000000001fd0000,0x00000000020d0000)]

VM state:not at safepoint (not fully initialized)

VM Mutex/Monitor currently owned by a thread: None

GC Heap History (0 events):
No events

Deoptimization events (0 events):
No events

Internal exceptions (0 events):
No events

Events (10 events):
Event: 1.092 loading class java/lang/CharSequence done
Event: 1.093 loading class java/lang/String done
Event: 1.093 loading class java/lang/Class
Event: 1.093 loading class java/lang/reflect/AnnotatedElement
Event: 1.129 loading class java/lang/reflect/AnnotatedElement done
Event: 1.129 loading class java/lang/reflect/GenericDeclaration
Event: 1.129 loading class java/lang/reflect/GenericDeclaration done
Event: 1.129 loading class java/lang/reflect/Type
Event: 1.129 loading class java/lang/reflect/Type done
Event: 1.130 loading class java/lang/Class done


Dynamic libraries:
0x00007ff678230000 - 0x00007ff678264000 	C:\Program Files\Java\jre1.8.0_25\bin\javaw.exe
0x00007ffd56110000 - 0x00007ffd562b6000 	C:\Windows\SYSTEM32\ntdll.dll
0x00007ffd54f70000 - 0x00007ffd550aa000 	C:\Windows\system32\KERNEL32.DLL
0x00007ffd53730000 - 0x00007ffd5383f000 	C:\Windows\system32\KERNELBASE.dll
0x00007ffd52060000 - 0x00007ffd520e8000 	C:\Windows\system32\apphelp.dll
0x00007ffd37540000 - 0x00007ffd3758f000 	C:\Windows\AppPatch\AppPatch64\AcGenral.DLL
0x00007ffd56060000 - 0x00007ffd56107000 	C:\Windows\system32\msvcrt.dll
0x00007ffd532c0000 - 0x00007ffd532eb000 	C:\Windows\SYSTEM32\SspiCli.dll
0x00007ffd539f0000 - 0x00007ffd53a41000 	C:\Windows\system32\SHLWAPI.dll
0x00007ffd55ee0000 - 0x00007ffd56051000 	C:\Windows\system32\USER32.dll
0x00007ffd550c0000 - 0x00007ffd55238000 	C:\Windows\system32\ole32.dll
0x00007ffd53a60000 - 0x00007ffd54e6f000 	C:\Windows\system32\SHELL32.dll
0x00007ffd52a70000 - 0x00007ffd52a8e000 	C:\Windows\SYSTEM32\USERENV.dll
0x00007ffd55240000 - 0x00007ffd552e5000 	C:\Windows\system32\ADVAPI32.dll
0x00007ffd4cad0000 - 0x00007ffd4caeb000 	C:\Windows\SYSTEM32\MPR.dll
0x00007ffd557a0000 - 0x00007ffd558d7000 	C:\Windows\system32\RPCRT4.dll
0x00007ffd54e70000 - 0x00007ffd54ec7000 	C:\Windows\SYSTEM32\sechost.dll
0x00007ffd55300000 - 0x00007ffd554d6000 	C:\Windows\SYSTEM32\combase.dll
0x00007ffd55500000 - 0x00007ffd55644000 	C:\Windows\system32\GDI32.dll
0x00007ffd53480000 - 0x00007ffd53494000 	C:\Windows\SYSTEM32\profapi.dll
0x00007ffd512c0000 - 0x00007ffd5135f000 	C:\Windows\SYSTEM32\SHCORE.dll
0x00007ffd55760000 - 0x00007ffd55794000 	C:\Windows\system32\IMM32.DLL
0x00007ffd55d40000 - 0x00007ffd55e79000 	C:\Windows\system32\MSCTF.dll
0x00007ffd50e90000 - 0x00007ffd510ea000 	C:\Windows\WinSxS\amd64_microsoft.windows.common-controls_6595b64144ccf1df_6.0.9600.17031_none_6242a4b3ecbb55a1\COMCTL32.dll
0x000000005a5d0000 - 0x000000005a6a2000 	C:\Program Files\Java\jre1.8.0_25\bin\msvcr100.dll
0x000000005a9f0000 - 0x000000005b24a000 	C:\Program Files\Java\jre1.8.0_25\bin\server\jvm.dll
0x00007ffd45550000 - 0x00007ffd45559000 	C:\Windows\SYSTEM32\WSOCK32.dll
0x00007ffd45960000 - 0x00007ffd4597f000 	C:\Windows\SYSTEM32\WINMM.dll
0x00007ffd550b0000 - 0x00007ffd550b7000 	C:\Windows\system32\PSAPI.DLL
0x00007ffd55650000 - 0x00007ffd556a8000 	C:\Windows\system32\WS2_32.dll
0x00007ffd45930000 - 0x00007ffd4595a000 	C:\Windows\SYSTEM32\WINMMBASE.dll
0x00007ffd55d30000 - 0x00007ffd55d39000 	C:\Windows\system32\NSI.dll
0x00007ffd53840000 - 0x00007ffd5388a000 	C:\Windows\SYSTEM32\cfgmgr32.dll
0x00007ffd522c0000 - 0x00007ffd522e6000 	C:\Windows\SYSTEM32\DEVOBJ.dll
0x000000005a9e0000 - 0x000000005a9ef000 	C:\Program Files\Java\jre1.8.0_25\bin\verify.dll
0x000000005a9b0000 - 0x000000005a9d8000 	C:\Program Files\Java\jre1.8.0_25\bin\java.dll
0x000000005a990000 - 0x000000005a9a6000 	C:\Program Files\Java\jre1.8.0_25\bin\zip.dll
0x00007ffd42e30000 - 0x00007ffd42fb8000 	C:\Windows\SYSTEM32\dbghelp.dll

VM Arguments:
jvm_args: -Dfile.encoding=Cp1252 -Xbootclasspath/p:C:\Users\Vasco\AppData\Local\Android\android-sdk\platforms\android-19\android.jar 
java_command: net.itca.dwm.launcher.Launcher
java_class_path (initial): C:\Users\Vasco\Documents\DineWithMe\bin\classes;C:\Users\Vasco\Documents\DineWithMe\libs\DineWithMeCore.jar;C:\Users\Vasco\Documents\appcompat_v7\libs\android-support-v4.jar;C:\Users\Vasco\Documents\DineWithMe\libs\postgresql-9.3-1100.jdbc41.jar;C:\Users\Vasco\Documents\appcompat_v7\libs\android-support-v7-appcompat.jar;C:\Users\Vasco\Documents\appcompat_v7\bin\appcompat_v7.jar;C:\Users\Vasco\Documents\DineWithMe\libs
Launcher Type: SUN_STANDARD

Environment Variables:
CLASSPATH=.;C:\Program Files (x86)\Java\jre1.8.0_25\lib\ext\QTJava.zip
PATH=C:/Program Files/Java/jre1.8.0_25/bin/server;C:/Program Files/Java/jre1.8.0_25/bin;C:/Program Files/Java/jre1.8.0_25/lib/amd64;C:\ProgramData\Oracle\Java\javapath;C:\Windows\system32;C:\Windows;C:\Windows\System32\Wbem;C:\Windows\System32\WindowsPowerShell\v1.0\;C:\Program Files\Microsoft SQL Server\120\Tools\Binn\;C:\Program Files\Microsoft SQL Server\Client SDK\ODBC\110\Tools\Binn\;C:\Program Files (x86)\Microsoft SQL Server\120\Tools\Binn\;C:\Program Files\Microsoft SQL Server\120\DTS\Binn\;C:\Program Files (x86)\Microsoft SQL Server\120\Tools\Binn\ManagementStudio\;C:\Program Files (x86)\Microsoft SQL Server\120\DTS\Binn\;C:\Program Files (x86)\Windows Kits\8.1\Windows Performance Toolkit\;C:\Program Files\Microsoft SQL Server\110\Tools\Binn\;C:\Program Files (x86)\Microsoft SDKs\TypeScript\1.0\;C:\Program Files (x86)\QuickTime\QTSystem\;C:\Users\Vasco\Desktop\eclipse;
USERNAME=Vasco
OS=Windows_NT
PROCESSOR_IDENTIFIER=Intel64 Family 6 Model 15 Stepping 13, GenuineIntel



---------------  S Y S T E M  ---------------

OS: Windows 8.1 , 64 bit Build 9600 

CPU:total 2 (2 cores per cpu, 1 threads per core) family 6 model 15 stepping 13, cmov, cx8, fxsr, mmx, sse, sse2, sse3, ssse3, tsc

Memory: 4k page, physical 3136756k(1050308k free), swap 4840692k(1288548k free)

vm_info: Java HotSpot(TM) 64-Bit Server VM (25.25-b02) for windows-amd64 JRE (1.8.0_25-b18), built on Oct  7 2014 14:25:37 by "java_re" with MS VC++ 10.0 (VS2010)

time: Tue Dec 09 01:44:39 2014
elapsed time: 2 seconds (0d 0h 0m 2s)

